[2025-04-20 17:42:44,275: DEBUG/MainProcess] | Worker: Preparing bootsteps.
[2025-04-20 17:42:44,275: DEBUG/MainProcess] | Worker: Building graph...
[2025-04-20 17:42:44,275: DEBUG/MainProcess] | Worker: New boot order: {StateDB, Beat, Timer, Hub, Pool, Autoscaler, Consumer}
[2025-04-20 17:42:44,291: DEBUG/MainProcess] | Consumer: Preparing bootsteps.
[2025-04-20 17:42:44,307: DEBUG/MainProcess] | Consumer: Building graph...
[2025-04-20 17:42:44,323: DEBUG/MainProcess] | Consumer: New boot order: {Connection, Events, Heart, Mingle, Tasks, DelayedDelivery, Control, Agent, Gossip, event loop}
[2025-04-20 17:42:44,355: DEBUG/MainProcess] | Worker: Starting Pool
[2025-04-20 17:42:44,355: DEBUG/MainProcess] ^-- substep ok
[2025-04-20 17:42:44,355: DEBUG/MainProcess] | Worker: Starting Consumer
[2025-04-20 17:42:44,355: DEBUG/MainProcess] | Consumer: Starting Connection
[2025-04-20 17:42:44,374: INFO/MainProcess] Connected to redis://127.0.0.1:6379/0
[2025-04-20 17:42:44,374: DEBUG/MainProcess] ^-- substep ok
[2025-04-20 17:42:44,374: DEBUG/MainProcess] | Consumer: Starting Events
[2025-04-20 17:42:44,386: DEBUG/MainProcess] ^-- substep ok
[2025-04-20 17:42:44,386: DEBUG/MainProcess] | Consumer: Starting Heart
[2025-04-20 17:42:44,397: DEBUG/MainProcess] ^-- substep ok
[2025-04-20 17:42:44,397: DEBUG/MainProcess] Timer wake-up! Next ETA 1.0 secs.
[2025-04-20 17:42:44,397: DEBUG/MainProcess] | Consumer: Starting Mingle
[2025-04-20 17:42:44,397: INFO/MainProcess] mingle: searching for neighbors
[2025-04-20 17:42:45,398: DEBUG/MainProcess] Timer wake-up! Next ETA 1.0 secs.
[2025-04-20 17:42:45,454: INFO/MainProcess] mingle: all alone
[2025-04-20 17:42:45,454: DEBUG/MainProcess] ^-- substep ok
[2025-04-20 17:42:45,454: DEBUG/MainProcess] | Consumer: Starting Tasks
[2025-04-20 17:42:45,454: DEBUG/MainProcess] ^-- substep ok
[2025-04-20 17:42:45,454: DEBUG/MainProcess] | Consumer: Starting Control
[2025-04-20 17:42:45,486: DEBUG/MainProcess] ^-- substep ok
[2025-04-20 17:42:45,486: DEBUG/MainProcess] | Consumer: Starting Gossip
[2025-04-20 17:42:45,505: DEBUG/MainProcess] ^-- substep ok
[2025-04-20 17:42:45,505: DEBUG/MainProcess] | Consumer: Starting event loop
[2025-04-20 17:42:45,505: INFO/MainProcess] celery@DESKTOP-USISC44 ready.
[2025-04-20 17:42:45,505: DEBUG/MainProcess] basic.qos: prefetch_count->48
[2025-04-20 17:42:46,402: DEBUG/MainProcess] Timer wake-up! Next ETA 1.0 secs.
[2025-04-20 17:42:47,404: DEBUG/MainProcess] Timer wake-up! Next ETA 1.0 secs.
[2025-04-20 17:42:48,414: DEBUG/MainProcess] Timer wake-up! Next ETA 1.0 secs.
[2025-04-20 17:42:49,423: DEBUG/MainProcess] Timer wake-up! Next ETA 0.9850000000005821 secs.
[2025-04-20 17:42:50,412: DEBUG/MainProcess] Timer wake-up! Next ETA 0.07800000000133878 secs.
[2025-04-20 17:42:50,492: DEBUG/MainProcess] Timer wake-up! Next ETA 1.0 secs.
[2025-04-20 17:42:51,493: DEBUG/MainProcess] Timer wake-up! Next ETA 0.9219999999986612 secs.
[2025-04-20 17:42:52,417: DEBUG/MainProcess] Timer wake-up! Next ETA 1.0 secs.
[2025-04-20 17:42:53,418: DEBUG/MainProcess] Timer wake-up! Next ETA 1.0 secs.
[2025-04-20 17:42:54,419: DEBUG/MainProcess] Timer wake-up! Next ETA 1.0 secs.
[2025-04-20 17:42:55,422: DEBUG/MainProcess] Timer wake-up! Next ETA 0.06300000000192085 secs.
[2025-04-20 17:42:55,486: DEBUG/MainProcess] Timer wake-up! Next ETA 0.9369999999980791 secs.
[2025-04-20 17:42:56,424: DEBUG/MainProcess] Timer wake-up! Next ETA 1.0 secs.
[2025-04-20 17:42:57,430: DEBUG/MainProcess] Timer wake-up! Next ETA 1.0 secs.
[2025-04-20 17:42:58,431: DEBUG/MainProcess] Timer wake-up! Next ETA 1.0 secs.
[2025-04-20 17:42:59,437: DEBUG/MainProcess] Timer wake-up! Next ETA 0.9839999999967404 secs.
[2025-04-20 17:43:00,422: DEBUG/MainProcess] Timer wake-up! Next ETA 0.06300000000192085 secs.
[2025-04-20 17:43:00,491: DEBUG/MainProcess] Timer wake-up! Next ETA 1.0 secs.
[2025-04-20 17:43:01,492: DEBUG/MainProcess] Timer wake-up! Next ETA 0.9369999999980791 secs.
[2025-04-20 17:43:02,431: DEBUG/MainProcess] Timer wake-up! Next ETA 1.0 secs.
[2025-04-20 17:43:03,434: DEBUG/MainProcess] Timer wake-up! Next ETA 0.9839999999967404 secs.
[2025-04-20 17:43:04,420: DEBUG/MainProcess] Timer wake-up! Next ETA 1.0 secs.
[2025-04-20 17:43:05,424: DEBUG/MainProcess] Timer wake-up! Next ETA 0.06300000000192085 secs.
[2025-04-20 17:43:05,488: DEBUG/MainProcess] Timer wake-up! Next ETA 0.9369999999980791 secs.
[2025-04-20 17:43:06,426: DEBUG/MainProcess] Timer wake-up! Next ETA 1.0 secs.
[2025-04-20 17:43:07,427: DEBUG/MainProcess] Timer wake-up! Next ETA 1.0 secs.
[2025-04-20 17:43:08,431: DEBUG/MainProcess] Timer wake-up! Next ETA 1.0 secs.
[2025-04-20 17:43:09,432: DEBUG/MainProcess] Timer wake-up! Next ETA 0.9839999999967404 secs.
[2025-04-20 17:43:10,421: DEBUG/MainProcess] Timer wake-up! Next ETA 0.06300000000192085 secs.
[2025-04-20 17:43:10,486: DEBUG/MainProcess] Timer wake-up! Next ETA 1.0 secs.
[2025-04-20 17:43:11,487: DEBUG/MainProcess] Timer wake-up! Next ETA 0.9369999999980791 secs.
[2025-04-20 17:43:12,426: DEBUG/MainProcess] Timer wake-up! Next ETA 1.0 secs.
[2025-04-20 17:43:13,426: DEBUG/MainProcess] Timer wake-up! Next ETA 1.0 secs.
[2025-04-20 17:43:14,428: DEBUG/MainProcess] Timer wake-up! Next ETA 1.0 secs.
[2025-04-20 17:43:15,430: DEBUG/MainProcess] Timer wake-up! Next ETA 0.06300000000192085 secs.
[2025-04-20 17:43:15,493: DEBUG/MainProcess] Timer wake-up! Next ETA 0.9369999999980791 secs.
[2025-04-20 17:43:16,431: DEBUG/MainProcess] Timer wake-up! Next ETA 1.0 secs.
[2025-04-20 17:43:17,433: DEBUG/MainProcess] Timer wake-up! Next ETA 0.9839999999967404 secs.
[2025-04-20 17:43:18,417: DEBUG/MainProcess] Timer wake-up! Next ETA 1.0 secs.
[2025-04-20 17:43:19,419: DEBUG/MainProcess] Timer wake-up! Next ETA 1.0 secs.
[2025-04-20 17:43:20,421: DEBUG/MainProcess] Timer wake-up! Next ETA 0.06300000000192085 secs.
[2025-04-20 17:43:20,485: DEBUG/MainProcess] Timer wake-up! Next ETA 1.0 secs.
[2025-04-20 17:43:21,488: DEBUG/MainProcess] Timer wake-up! Next ETA 0.9369999999980791 secs.
[2025-04-20 17:43:22,428: DEBUG/MainProcess] Timer wake-up! Next ETA 1.0 secs.
[2025-04-20 17:43:23,430: DEBUG/MainProcess] Timer wake-up! Next ETA 1.0 secs.
[2025-04-20 17:43:24,431: DEBUG/MainProcess] Timer wake-up! Next ETA 1.0 secs.
[2025-04-20 17:43:25,436: DEBUG/MainProcess] Timer wake-up! Next ETA 0.046999999998661224 secs.
[2025-04-20 17:43:25,484: DEBUG/MainProcess] Timer wake-up! Next ETA 0.9369999999980791 secs.
[2025-04-20 17:43:26,422: DEBUG/MainProcess] Timer wake-up! Next ETA 1.0 secs.
[2025-04-20 17:43:27,423: DEBUG/MainProcess] Timer wake-up! Next ETA 1.0 secs.
[2025-04-20 17:43:28,424: DEBUG/MainProcess] Timer wake-up! Next ETA 1.0 secs.
[2025-04-20 17:43:29,427: DEBUG/MainProcess] Timer wake-up! Next ETA 1.0 secs.
[2025-04-20 17:43:30,428: DEBUG/MainProcess] Timer wake-up! Next ETA 0.06300000000192085 secs.
[2025-04-20 17:43:30,495: DEBUG/MainProcess] Timer wake-up! Next ETA 1.0 secs.
[2025-04-20 17:43:31,497: DEBUG/MainProcess] Timer wake-up! Next ETA 0.9209999999984575 secs.
[2025-04-20 17:43:32,419: DEBUG/MainProcess] Timer wake-up! Next ETA 1.0 secs.
[2025-04-20 17:43:33,421: DEBUG/MainProcess] Timer wake-up! Next ETA 1.0 secs.
[2025-04-20 17:43:34,422: DEBUG/MainProcess] Timer wake-up! Next ETA 1.0 secs.
[2025-04-20 17:43:35,424: DEBUG/MainProcess] Timer wake-up! Next ETA 0.0790000000015425 secs.
[2025-04-20 17:43:35,505: DEBUG/MainProcess] Timer wake-up! Next ETA 0.9209999999984575 secs.
[2025-04-20 17:43:36,427: DEBUG/MainProcess] Timer wake-up! Next ETA 1.0 secs.
[2025-04-20 17:43:37,432: DEBUG/MainProcess] Timer wake-up! Next ETA 0.9839999999967404 secs.
[2025-04-20 17:43:38,418: DEBUG/MainProcess] Timer wake-up! Next ETA 1.0 secs.
[2025-04-20 17:43:39,420: DEBUG/MainProcess] Timer wake-up! Next ETA 1.0 secs.
[2025-04-20 17:43:40,423: DEBUG/MainProcess] Timer wake-up! Next ETA 0.0790000000015425 secs.
[2025-04-20 17:43:40,505: DEBUG/MainProcess] Timer wake-up! Next ETA 1.0 secs.
[2025-04-20 17:43:41,507: DEBUG/MainProcess] Timer wake-up! Next ETA 0.9209999999984575 secs.
[2025-04-20 17:43:42,432: DEBUG/MainProcess] Timer wake-up! Next ETA 1.0 secs.
[2025-04-20 17:43:43,434: DEBUG/MainProcess] Timer wake-up! Next ETA 1.0 secs.
[2025-04-20 17:43:44,437: DEBUG/MainProcess] Timer wake-up! Next ETA 1.0 secs.
[2025-04-20 17:43:45,438: DEBUG/MainProcess] Timer wake-up! Next ETA 0.06299999999828287 secs.
[2025-04-20 17:43:45,508: DEBUG/MainProcess] Timer wake-up! Next ETA 0.9370000000017171 secs.
[2025-04-20 17:43:46,449: DEBUG/MainProcess] Timer wake-up! Next ETA 1.0 secs.
[2025-04-20 17:43:47,452: DEBUG/MainProcess] Timer wake-up! Next ETA 1.0 secs.
[2025-04-20 17:43:48,453: DEBUG/MainProcess] Timer wake-up! Next ETA 1.0 secs.
[2025-04-20 17:43:49,458: DEBUG/MainProcess] Timer wake-up! Next ETA 1.0 secs.
[2025-04-20 17:43:50,459: DEBUG/MainProcess] Timer wake-up! Next ETA 0.046999999998661224 secs.
[2025-04-20 17:43:50,508: DEBUG/MainProcess] Timer wake-up! Next ETA 1.0 secs.
[2025-04-20 17:43:51,509: DEBUG/MainProcess] Timer wake-up! Next ETA 0.9530000000013388 secs.
[2025-04-20 17:43:52,462: DEBUG/MainProcess] Timer wake-up! Next ETA 1.0 secs.
[2025-04-20 17:43:53,468: DEBUG/MainProcess] Timer wake-up! Next ETA 0.9850000000005821 secs.
[2025-04-20 17:43:54,457: DEBUG/MainProcess] Timer wake-up! Next ETA 1.0 secs.
[2025-04-20 17:43:55,459: DEBUG/MainProcess] Timer wake-up! Next ETA 0.046999999998661224 secs.
[2025-04-20 17:43:55,506: DEBUG/MainProcess] Timer wake-up! Next ETA 0.9530000000013388 secs.
[2025-04-20 17:43:56,463: DEBUG/MainProcess] Timer wake-up! Next ETA 1.0 secs.
[2025-04-20 17:43:57,465: DEBUG/MainProcess] Timer wake-up! Next ETA 1.0 secs.
[2025-04-20 17:43:58,467: DEBUG/MainProcess] Timer wake-up! Next ETA 1.0 secs.
[2025-04-20 17:43:59,468: DEBUG/MainProcess] Timer wake-up! Next ETA 1.0 secs.
[2025-04-20 17:44:00,471: DEBUG/MainProcess] Timer wake-up! Next ETA 0.0319999999992433 secs.
[2025-04-20 17:44:00,505: DEBUG/MainProcess] Timer wake-up! Next ETA 1.0 secs.
[2025-04-20 17:44:01,506: DEBUG/MainProcess] Timer wake-up! Next ETA 0.9680000000007567 secs.
[2025-04-20 17:44:02,478: DEBUG/MainProcess] Timer wake-up! Next ETA 1.0 secs.
[2025-04-20 17:44:03,480: DEBUG/MainProcess] Timer wake-up! Next ETA 0.9840000000003783 secs.
[2025-04-20 17:44:04,469: DEBUG/MainProcess] Timer wake-up! Next ETA 1.0 secs.
[2025-04-20 17:44:05,471: DEBUG/MainProcess] Timer wake-up! Next ETA 0.0319999999992433 secs.
[2025-04-20 17:44:05,504: DEBUG/MainProcess] Timer wake-up! Next ETA 0.9680000000007567 secs.
[2025-04-20 17:44:06,473: DEBUG/MainProcess] Timer wake-up! Next ETA 1.0 secs.
[2025-04-20 17:44:07,479: DEBUG/MainProcess] Timer wake-up! Next ETA 0.9840000000003783 secs.
[2025-04-20 17:44:08,467: DEBUG/MainProcess] Timer wake-up! Next ETA 1.0 secs.
[2025-04-20 17:44:09,468: DEBUG/MainProcess] Timer wake-up! Next ETA 1.0 secs.
[2025-04-20 17:44:10,469: DEBUG/MainProcess] Timer wake-up! Next ETA 0.0319999999992433 secs.
[2025-04-20 17:44:10,503: DEBUG/MainProcess] Timer wake-up! Next ETA 1.0 secs.
[2025-04-20 17:44:11,504: DEBUG/MainProcess] Timer wake-up! Next ETA 0.9680000000007567 secs.
[2025-04-20 17:44:12,472: DEBUG/MainProcess] Timer wake-up! Next ETA 1.0 secs.
[2025-04-20 17:44:13,475: DEBUG/MainProcess] Timer wake-up! Next ETA 1.0 secs.
[2025-04-20 17:44:14,476: DEBUG/MainProcess] Timer wake-up! Next ETA 1.0 secs.
[2025-04-20 17:44:15,478: DEBUG/MainProcess] Timer wake-up! Next ETA 0.0319999999992433 secs.
[2025-04-20 17:44:15,511: DEBUG/MainProcess] Timer wake-up! Next ETA 0.9530000000013388 secs.
[2025-04-20 17:44:16,465: DEBUG/MainProcess] Timer wake-up! Next ETA 1.0 secs.
[2025-04-20 17:44:17,470: DEBUG/MainProcess] Timer wake-up! Next ETA 1.0 secs.
[2025-04-20 17:44:18,474: DEBUG/MainProcess] Timer wake-up! Next ETA 1.0 secs.
[2025-04-20 17:44:19,476: DEBUG/MainProcess] Timer wake-up! Next ETA 1.0 secs.
[2025-04-20 17:44:20,480: DEBUG/MainProcess] Timer wake-up! Next ETA 0.030999999999039574 secs.
[2025-04-20 17:44:20,513: DEBUG/MainProcess] Timer wake-up! Next ETA 1.0 secs.
[2025-04-20 17:44:21,515: DEBUG/MainProcess] Timer wake-up! Next ETA 0.9690000000009604 secs.
[2025-04-20 17:44:22,487: DEBUG/MainProcess] Timer wake-up! Next ETA 1.0 secs.
[2025-04-20 17:44:23,488: DEBUG/MainProcess] Timer wake-up! Next ETA 1.0 secs.
[2025-04-20 17:44:24,490: DEBUG/MainProcess] Timer wake-up! Next ETA 1.0 secs.
[2025-04-20 17:44:25,491: DEBUG/MainProcess] Timer wake-up! Next ETA 0.030999999999039574 secs.
[2025-04-20 17:44:25,523: DEBUG/MainProcess] Timer wake-up! Next ETA 0.9690000000009604 secs.
[2025-04-20 17:44:26,496: DEBUG/MainProcess] Timer wake-up! Next ETA 1.0 secs.
[2025-04-20 17:44:27,498: DEBUG/MainProcess] Timer wake-up! Next ETA 1.0 secs.
[2025-04-20 17:44:28,501: DEBUG/MainProcess] Timer wake-up! Next ETA 1.0 secs.
[2025-04-20 17:44:29,503: DEBUG/MainProcess] Timer wake-up! Next ETA 1.0 secs.
[2025-04-20 17:44:30,506: DEBUG/MainProcess] Timer wake-up! Next ETA 0.014999999999417923 secs.
[2025-04-20 17:44:30,522: DEBUG/MainProcess] Timer wake-up! Next ETA 1.0 secs.
[2025-04-20 17:44:31,523: DEBUG/MainProcess] Timer wake-up! Next ETA 0.9850000000005821 secs.
[2025-04-20 17:44:32,511: DEBUG/MainProcess] Timer wake-up! Next ETA 1.0 secs.
[2025-04-20 17:44:33,512: DEBUG/MainProcess] Timer wake-up! Next ETA 1.0 secs.
[2025-04-20 17:44:34,515: DEBUG/MainProcess] Timer wake-up! Next ETA 1.0 secs.
[2025-04-20 17:44:35,516: DEBUG/MainProcess] Timer wake-up! Next ETA 1.0 secs.
[2025-04-20 17:44:36,521: DEBUG/MainProcess] Timer wake-up! Next ETA 1.0 secs.
[2025-04-20 17:44:37,523: DEBUG/MainProcess] Timer wake-up! Next ETA 1.0 secs.
[2025-04-20 17:44:38,525: DEBUG/MainProcess] Timer wake-up! Next ETA 1.0 secs.
[2025-04-20 17:44:39,526: DEBUG/MainProcess] Timer wake-up! Next ETA 0.9840000000003783 secs.
[2025-04-20 17:44:40,515: DEBUG/MainProcess] Timer wake-up! Next ETA 1.0 secs.
[2025-04-20 17:44:41,518: DEBUG/MainProcess] Timer wake-up! Next ETA 1.0 secs.
[2025-04-20 17:44:42,522: DEBUG/MainProcess] Timer wake-up! Next ETA 1.0 secs.
[2025-04-20 17:44:43,523: DEBUG/MainProcess] Timer wake-up! Next ETA 1.0 secs.
[2025-04-20 17:44:44,525: DEBUG/MainProcess] Timer wake-up! Next ETA 1.0 secs.
[2025-04-20 17:44:45,527: DEBUG/MainProcess] Timer wake-up! Next ETA 0.9840000000003783 secs.
[2025-04-20 17:44:46,515: DEBUG/MainProcess] Timer wake-up! Next ETA 1.0 secs.
[2025-04-20 17:44:47,517: DEBUG/MainProcess] Timer wake-up! Next ETA 1.0 secs.
[2025-04-20 17:44:48,521: DEBUG/MainProcess] Timer wake-up! Next ETA 1.0 secs.
[2025-04-20 17:44:49,523: DEBUG/MainProcess] Timer wake-up! Next ETA 1.0 secs.
[2025-04-20 17:44:50,526: DEBUG/MainProcess] Timer wake-up! Next ETA 1.0 secs.
[2025-04-20 17:44:51,527: DEBUG/MainProcess] Timer wake-up! Next ETA 1.0 secs.
[2025-04-20 17:44:52,530: DEBUG/MainProcess] Timer wake-up! Next ETA 1.0 secs.
[2025-04-20 17:44:53,532: DEBUG/MainProcess] Timer wake-up! Next ETA 1.0 secs.
[2025-04-20 17:44:54,534: DEBUG/MainProcess] Timer wake-up! Next ETA 1.0 secs.
[2025-04-20 17:44:55,536: DEBUG/MainProcess] Timer wake-up! Next ETA 1.0 secs.
[2025-04-20 17:44:56,539: DEBUG/MainProcess] Timer wake-up! Next ETA 1.0 secs.
[2025-04-20 17:44:57,542: DEBUG/MainProcess] Timer wake-up! Next ETA 0.9850000000005821 secs.
[2025-04-20 17:44:58,530: DEBUG/MainProcess] Timer wake-up! Next ETA 1.0 secs.
[2025-04-20 17:44:59,531: DEBUG/MainProcess] Timer wake-up! Next ETA 1.0 secs.
[2025-04-20 17:45:00,534: DEBUG/MainProcess] Timer wake-up! Next ETA 1.0 secs.
[2025-04-20 17:45:01,535: DEBUG/MainProcess] Timer wake-up! Next ETA 1.0 secs.
[2025-04-20 17:45:02,537: DEBUG/MainProcess] Timer wake-up! Next ETA 1.0 secs.
[2025-04-20 17:45:03,539: DEBUG/MainProcess] Timer wake-up! Next ETA 1.0 secs.
[2025-04-20 17:45:04,544: DEBUG/MainProcess] Timer wake-up! Next ETA 0.9850000000005821 secs.
[2025-04-20 17:45:05,531: DEBUG/MainProcess] Timer wake-up! Next ETA 1.0 secs.
[2025-04-20 17:45:06,532: DEBUG/MainProcess] Timer wake-up! Next ETA 0.014999999999417923 secs.
[2025-04-20 17:45:06,550: DEBUG/MainProcess] Timer wake-up! Next ETA 1.0 secs.
[2025-04-20 17:45:07,551: DEBUG/MainProcess] Timer wake-up! Next ETA 1.0 secs.
[2025-04-20 17:45:08,553: DEBUG/MainProcess] Timer wake-up! Next ETA 1.0 secs.
[2025-04-20 17:45:09,555: DEBUG/MainProcess] Timer wake-up! Next ETA 0.9850000000005821 secs.
[2025-04-20 17:45:10,545: DEBUG/MainProcess] Timer wake-up! Next ETA 1.0 secs.
[2025-04-20 17:45:11,548: DEBUG/MainProcess] Timer wake-up! Next ETA 1.0 secs.
[2025-04-20 17:45:12,551: DEBUG/MainProcess] Timer wake-up! Next ETA 1.0 secs.
[2025-04-20 17:45:13,552: DEBUG/MainProcess] Timer wake-up! Next ETA 1.0 secs.
[2025-04-20 17:45:14,554: DEBUG/MainProcess] Timer wake-up! Next ETA 1.0 secs.
[2025-04-20 17:45:15,556: DEBUG/MainProcess] Timer wake-up! Next ETA 1.0 secs.
[2025-04-20 17:45:16,562: DEBUG/MainProcess] Timer wake-up! Next ETA 1.0 secs.
[2025-04-20 17:45:17,564: DEBUG/MainProcess] Timer wake-up! Next ETA 1.0 secs.
[2025-04-20 17:45:18,567: DEBUG/MainProcess] Timer wake-up! Next ETA 1.0 secs.
[2025-04-20 17:45:19,568: DEBUG/MainProcess] Timer wake-up! Next ETA 0.9839999999967404 secs.
[2025-04-20 17:45:20,554: DEBUG/MainProcess] Timer wake-up! Next ETA 0.01600000000325963 secs.
[2025-04-20 17:45:20,574: DEBUG/MainProcess] Timer wake-up! Next ETA 1.0 secs.
[2025-04-20 17:45:21,575: DEBUG/MainProcess] Timer wake-up! Next ETA 1.0 secs.
[2025-04-20 17:45:22,579: DEBUG/MainProcess] Timer wake-up! Next ETA 1.0 secs.
[2025-04-20 17:45:23,580: DEBUG/MainProcess] Timer wake-up! Next ETA 1.0 secs.
[2025-04-20 17:45:24,582: DEBUG/MainProcess] Timer wake-up! Next ETA 0.9679999999971187 secs.
[2025-04-20 17:45:25,552: DEBUG/MainProcess] Timer wake-up! Next ETA 1.0 secs.
[2025-04-20 17:45:26,553: DEBUG/MainProcess] Timer wake-up! Next ETA 0.03200000000288128 secs.
[2025-04-20 17:45:26,587: DEBUG/MainProcess] Timer wake-up! Next ETA 1.0 secs.
[2025-04-20 17:45:27,589: DEBUG/MainProcess] Timer wake-up! Next ETA 0.9850000000005821 secs.
[2025-04-20 17:45:28,577: DEBUG/MainProcess] Timer wake-up! Next ETA 1.0 secs.
[2025-04-20 17:45:29,580: DEBUG/MainProcess] Timer wake-up! Next ETA 0.9679999999971187 secs.
[2025-04-20 17:45:30,549: DEBUG/MainProcess] Timer wake-up! Next ETA 0.03200000000288128 secs.
[2025-04-20 17:45:30,586: DEBUG/MainProcess] Timer wake-up! Next ETA 1.0 secs.
[2025-04-20 17:45:31,588: DEBUG/MainProcess] Timer wake-up! Next ETA 1.0 secs.
[2025-04-20 17:45:32,592: DEBUG/MainProcess] Timer wake-up! Next ETA 1.0 secs.
[2025-04-20 17:45:33,594: DEBUG/MainProcess] Timer wake-up! Next ETA 1.0 secs.
[2025-04-20 17:45:34,594: DEBUG/MainProcess] Timer wake-up! Next ETA 0.9529999999977008 secs.
[2025-04-20 17:45:35,550: DEBUG/MainProcess] Timer wake-up! Next ETA 1.0 secs.
[2025-04-20 17:45:36,551: DEBUG/MainProcess] Timer wake-up! Next ETA 0.0470000000022992 secs.
[2025-04-20 17:45:36,601: DEBUG/MainProcess] Timer wake-up! Next ETA 1.0 secs.
[2025-04-20 17:45:37,602: DEBUG/MainProcess] Timer wake-up! Next ETA 1.0 secs.
[2025-04-20 17:45:38,604: DEBUG/MainProcess] Timer wake-up! Next ETA 1.0 secs.
[2025-04-20 17:45:39,605: DEBUG/MainProcess] Timer wake-up! Next ETA 0.9369999999980791 secs.
[2025-04-20 17:45:40,543: DEBUG/MainProcess] Timer wake-up! Next ETA 0.06300000000192085 secs.
[2025-04-20 17:45:40,609: DEBUG/MainProcess] Timer wake-up! Next ETA 1.0 secs.
[2025-04-20 17:45:41,610: DEBUG/MainProcess] Timer wake-up! Next ETA 1.0 secs.
[2025-04-20 17:45:42,611: DEBUG/MainProcess] Timer wake-up! Next ETA 1.0 secs.
[2025-04-20 17:45:43,613: DEBUG/MainProcess] Timer wake-up! Next ETA 1.0 secs.
[2025-04-20 17:45:44,617: DEBUG/MainProcess] Timer wake-up! Next ETA 0.9369999999980791 secs.
[2025-04-20 17:45:45,556: DEBUG/MainProcess] Timer wake-up! Next ETA 1.0 secs.
[2025-04-20 17:45:46,557: DEBUG/MainProcess] Timer wake-up! Next ETA 0.046999999998661224 secs.
[2025-04-20 17:45:46,609: DEBUG/MainProcess] Timer wake-up! Next ETA 1.0 secs.
[2025-04-20 17:45:47,611: DEBUG/MainProcess] Timer wake-up! Next ETA 1.0 secs.
[2025-04-20 17:45:48,612: DEBUG/MainProcess] Timer wake-up! Next ETA 1.0 secs.
[2025-04-20 17:45:49,614: DEBUG/MainProcess] Timer wake-up! Next ETA 0.9369999999980791 secs.
[2025-04-20 17:45:50,552: DEBUG/MainProcess] Timer wake-up! Next ETA 0.06300000000192085 secs.
[2025-04-20 17:45:50,621: DEBUG/MainProcess] Timer wake-up! Next ETA 1.0 secs.
[2025-04-20 17:45:51,623: DEBUG/MainProcess] Timer wake-up! Next ETA 1.0 secs.
[2025-04-20 17:45:52,626: DEBUG/MainProcess] Timer wake-up! Next ETA 1.0 secs.
[2025-04-20 17:45:53,627: DEBUG/MainProcess] Timer wake-up! Next ETA 1.0 secs.
[2025-04-20 17:45:54,629: DEBUG/MainProcess] Timer wake-up! Next ETA 0.9209999999984575 secs.
[2025-04-20 17:45:55,551: DEBUG/MainProcess] Timer wake-up! Next ETA 1.0 secs.
[2025-04-20 17:45:56,553: DEBUG/MainProcess] Timer wake-up! Next ETA 0.0790000000015425 secs.
[2025-04-20 17:45:56,636: DEBUG/MainProcess] Timer wake-up! Next ETA 1.0 secs.
[2025-04-20 17:45:57,638: DEBUG/MainProcess] Timer wake-up! Next ETA 1.0 secs.
[2025-04-20 17:45:58,642: DEBUG/MainProcess] Timer wake-up! Next ETA 1.0 secs.
[2025-04-20 17:45:59,644: DEBUG/MainProcess] Timer wake-up! Next ETA 0.9059999999990396 secs.
[2025-04-20 17:46:00,551: DEBUG/MainProcess] Timer wake-up! Next ETA 0.09400000000096043 secs.
[2025-04-20 17:46:00,650: DEBUG/MainProcess] Timer wake-up! Next ETA 1.0 secs.
[2025-04-20 17:46:01,653: DEBUG/MainProcess] Timer wake-up! Next ETA 0.9840000000003783 secs.
[2025-04-20 17:46:02,639: DEBUG/MainProcess] Timer wake-up! Next ETA 1.0 secs.
[2025-04-20 17:46:03,641: DEBUG/MainProcess] Timer wake-up! Next ETA 1.0 secs.
[2025-04-20 17:46:04,644: DEBUG/MainProcess] Timer wake-up! Next ETA 0.9059999999990396 secs.
[2025-04-20 17:46:05,551: DEBUG/MainProcess] Timer wake-up! Next ETA 1.0 secs.
[2025-04-20 17:46:06,552: DEBUG/MainProcess] Timer wake-up! Next ETA 0.09400000000096043 secs.
[2025-04-20 17:46:06,650: DEBUG/MainProcess] Timer wake-up! Next ETA 1.0 secs.
[2025-04-20 17:46:07,652: DEBUG/MainProcess] Timer wake-up! Next ETA 0.9840000000003783 secs.
[2025-04-20 17:46:08,638: DEBUG/MainProcess] Timer wake-up! Next ETA 1.0 secs.
[2025-04-20 17:46:09,640: DEBUG/MainProcess] Timer wake-up! Next ETA 0.9059999999990396 secs.
[2025-04-20 17:46:10,547: DEBUG/MainProcess] Timer wake-up! Next ETA 0.09400000000096043 secs.
[2025-04-20 17:46:10,642: DEBUG/MainProcess] Timer wake-up! Next ETA 1.0 secs.
[2025-04-20 17:46:11,644: DEBUG/MainProcess] Timer wake-up! Next ETA 1.0 secs.
[2025-04-20 17:46:12,646: DEBUG/MainProcess] Timer wake-up! Next ETA 1.0 secs.
[2025-04-20 17:46:13,647: DEBUG/MainProcess] Timer wake-up! Next ETA 1.0 secs.
[2025-04-20 17:46:14,651: DEBUG/MainProcess] Timer wake-up! Next ETA 0.8899999999994179 secs.
[2025-04-20 17:46:15,543: DEBUG/MainProcess] Timer wake-up! Next ETA 1.0 secs.
[2025-04-20 17:46:16,544: DEBUG/MainProcess] Timer wake-up! Next ETA 0.11000000000058208 secs.
[2025-04-20 17:46:16,656: DEBUG/MainProcess] Timer wake-up! Next ETA 1.0 secs.
[2025-04-20 17:46:17,657: DEBUG/MainProcess] Timer wake-up! Next ETA 1.0 secs.
[2025-04-20 17:46:18,662: DEBUG/MainProcess] Timer wake-up! Next ETA 1.0 secs.
[2025-04-20 17:46:19,664: DEBUG/MainProcess] Timer wake-up! Next ETA 0.8899999999994179 secs.
[2025-04-20 17:46:20,556: DEBUG/MainProcess] Timer wake-up! Next ETA 0.11000000000058208 secs.
[2025-04-20 17:46:20,671: DEBUG/MainProcess] Timer wake-up! Next ETA 1.0 secs.
[2025-04-20 17:46:21,674: DEBUG/MainProcess] Timer wake-up! Next ETA 1.0 secs.
[2025-04-20 17:46:22,675: DEBUG/MainProcess] Timer wake-up! Next ETA 1.0 secs.
[2025-04-20 17:46:23,677: DEBUG/MainProcess] Timer wake-up! Next ETA 1.0 secs.
[2025-04-20 17:46:24,680: DEBUG/MainProcess] Timer wake-up! Next ETA 0.875 secs.
[2025-04-20 17:46:25,558: DEBUG/MainProcess] Timer wake-up! Next ETA 1.0 secs.
[2025-04-20 17:46:26,559: DEBUG/MainProcess] Timer wake-up! Next ETA 0.10899999999674037 secs.
[2025-04-20 17:46:26,669: DEBUG/MainProcess] Timer wake-up! Next ETA 1.0 secs.
[2025-04-20 17:46:26,669: DEBUG/MainProcess] | Worker: Closing Pool...
[2025-04-20 17:46:26,669: DEBUG/MainProcess] | Worker: Closing Consumer...
[2025-04-20 17:46:26,669: DEBUG/MainProcess] | Worker: Terminating Consumer...
[2025-04-20 17:46:26,669: DEBUG/MainProcess] | Consumer: Closing Connection...
[2025-04-20 17:46:26,669: DEBUG/MainProcess] | Consumer: Closing Events...
[2025-04-20 17:46:26,669: DEBUG/MainProcess] | Consumer: Closing Heart...
[2025-04-20 17:46:26,669: DEBUG/MainProcess] | Consumer: Closing Mingle...
[2025-04-20 17:46:26,669: DEBUG/MainProcess] | Consumer: Closing Tasks...
[2025-04-20 17:46:26,669: DEBUG/MainProcess] | Consumer: Closing Control...
[2025-04-20 17:46:26,669: DEBUG/MainProcess] | Consumer: Closing Gossip...
[2025-04-20 17:46:26,669: DEBUG/MainProcess] | Consumer: Closing event loop...
[2025-04-20 17:46:26,669: DEBUG/MainProcess] | Consumer: Stopping event loop...
[2025-04-20 17:46:26,674: DEBUG/MainProcess] | Consumer: Stopping Gossip...
[2025-04-20 17:46:26,695: DEBUG/MainProcess] | Consumer: Stopping Control...
[2025-04-20 17:46:26,699: DEBUG/MainProcess] | Consumer: Stopping Tasks...
[2025-04-20 17:46:26,699: DEBUG/MainProcess] Canceling task consumer...
[2025-04-20 17:46:26,699: DEBUG/MainProcess] | Consumer: Stopping Mingle...
[2025-04-20 17:46:26,699: DEBUG/MainProcess] | Consumer: Stopping Heart...
[2025-04-20 17:46:26,699: DEBUG/MainProcess] | Consumer: Stopping Events...
[2025-04-20 17:46:26,699: DEBUG/MainProcess] | Consumer: Stopping Connection...
[2025-04-20 17:46:26,699: DEBUG/MainProcess] | Worker: Terminating Pool...
[2025-04-20 17:46:27,671: DEBUG/MainProcess] | Consumer: Shutdown Gossip...
[2025-04-20 17:46:27,671: DEBUG/MainProcess] | Consumer: Shutdown Control...
[2025-04-20 17:46:27,671: DEBUG/MainProcess] | Consumer: Shutdown Tasks...
[2025-04-20 17:46:27,671: DEBUG/MainProcess] Canceling task consumer...
[2025-04-20 17:46:27,671: DEBUG/MainProcess] Closing consumer channel...
[2025-04-20 17:46:27,671: DEBUG/MainProcess] | Consumer: Shutdown Heart...
[2025-04-20 17:46:27,671: DEBUG/MainProcess] | Consumer: Shutdown Events...
[2025-04-20 17:46:27,673: DEBUG/MainProcess] | Consumer: Shutdown Connection...
